  [4;36;1mSQL (0.2ms)[0m   [0;1mSET SQL_AUTO_IS_NULL=0[0m
  [4;36;1mSQL (0.2ms)[0m   [0;1mSET SQL_AUTO_IS_NULL=0[0m
  [4;35;1mSQL (0.3ms)[0m   [0mSHOW TABLES[0m
  [4;36;1mSQL (558.7ms)[0m   [0;1mCREATE TABLE `schema_migrations` (`version` varchar(255) NOT NULL) ENGINE=InnoDB[0m
  [4;35;1mSQL (367.1ms)[0m   [0mCREATE UNIQUE INDEX `unique_schema_migrations` ON `schema_migrations` (`version`)[0m
  [4;36;1mSQL (0.4ms)[0m   [0;1mSHOW TABLES[0m
  [4;35;1mSQL (0.2ms)[0m   [0mSELECT version FROM schema_migrations[0m
Migrating to CreateSessions (20120307190551)
  [4;36;1mSQL (125.7ms)[0m   [0;1mCREATE TABLE `sessions` (`id` int(11) DEFAULT NULL auto_increment PRIMARY KEY, `session_id` varchar(255) NOT NULL, `data` text, `created_at` datetime, `updated_at` datetime) ENGINE=InnoDB[0m
  [4;35;1mSQL (157.9ms)[0m   [0mCREATE INDEX `index_sessions_on_session_id` ON `sessions` (`session_id`)[0m
  [4;36;1mSQL (123.7ms)[0m   [0;1mCREATE INDEX `index_sessions_on_updated_at` ON `sessions` (`updated_at`)[0m
  [4;35;1mSQL (0.5ms)[0m   [0mINSERT INTO schema_migrations (version) VALUES ('20120307190551')[0m
  [4;36;1mSQL (0.4ms)[0m   [0;1mSHOW TABLES[0m
  [4;35;1mSQL (0.2ms)[0m   [0mSELECT version FROM schema_migrations[0m
  [4;36;1mSQL (0.2ms)[0m   [0;1mSHOW TABLES[0m
  [4;35;1mSQL (47.9ms)[0m   [0mSHOW FIELDS FROM `sessions`[0m
  [4;36;1mSQL (1.2ms)[0m   [0;1mdescribe `sessions`[0m
  [4;35;1mSQL (0.3ms)[0m   [0mSHOW KEYS FROM `sessions`[0m
  [4;36;1mSQL (0.2ms)[0m   [0;1mSET SQL_AUTO_IS_NULL=0[0m


Processing WhController#index (for 127.0.0.1 at 2012-03-08 03:18:57) [GET]

ActionController::UnknownAction (No action responded to index. Actions: ):
  /opt/local/lib/ruby/1.8/webrick/httpserver.rb:104:in `service'
  /opt/local/lib/ruby/1.8/webrick/httpserver.rb:65:in `run'
  /opt/local/lib/ruby/1.8/webrick/server.rb:173:in `start_thread'
  /opt/local/lib/ruby/1.8/webrick/server.rb:162:in `start'
  /opt/local/lib/ruby/1.8/webrick/server.rb:162:in `start_thread'
  /opt/local/lib/ruby/1.8/webrick/server.rb:95:in `start'
  /opt/local/lib/ruby/1.8/webrick/server.rb:92:in `each'
  /opt/local/lib/ruby/1.8/webrick/server.rb:92:in `start'
  /opt/local/lib/ruby/1.8/webrick/server.rb:23:in `start'
  /opt/local/lib/ruby/1.8/webrick/server.rb:82:in `start'

Rendering rescues/layout (not_found)
  [4;36;1mSQL (0.2ms)[0m   [0;1mSET SQL_AUTO_IS_NULL=0[0m


Processing WhController#index (for 127.0.0.1 at 2012-03-08 03:19:24) [GET]

ActionController::UnknownAction (No action responded to index. Actions: ):
  /opt/local/lib/ruby/1.8/webrick/httpserver.rb:104:in `service'
  /opt/local/lib/ruby/1.8/webrick/httpserver.rb:65:in `run'
  /opt/local/lib/ruby/1.8/webrick/server.rb:173:in `start_thread'
  /opt/local/lib/ruby/1.8/webrick/server.rb:162:in `start'
  /opt/local/lib/ruby/1.8/webrick/server.rb:162:in `start_thread'
  /opt/local/lib/ruby/1.8/webrick/server.rb:95:in `start'
  /opt/local/lib/ruby/1.8/webrick/server.rb:92:in `each'
  /opt/local/lib/ruby/1.8/webrick/server.rb:92:in `start'
  /opt/local/lib/ruby/1.8/webrick/server.rb:23:in `start'
  /opt/local/lib/ruby/1.8/webrick/server.rb:82:in `start'

Rendering rescues/layout (not_found)
  [4;36;1mSQL (0.2ms)[0m   [0;1mSET SQL_AUTO_IS_NULL=0[0m


Processing WhController#index (for 127.0.0.1 at 2012-03-08 03:29:08) [GET]

NameError (undefined local variable or method `cookie' for #<WhController:0x1037dcb58>):
  app/controllers/wh_controller.rb:4:in `index'
  /opt/local/lib/ruby/1.8/webrick/httpserver.rb:104:in `service'
  /opt/local/lib/ruby/1.8/webrick/httpserver.rb:65:in `run'
  /opt/local/lib/ruby/1.8/webrick/server.rb:173:in `start_thread'
  /opt/local/lib/ruby/1.8/webrick/server.rb:162:in `start'
  /opt/local/lib/ruby/1.8/webrick/server.rb:162:in `start_thread'
  /opt/local/lib/ruby/1.8/webrick/server.rb:95:in `start'
  /opt/local/lib/ruby/1.8/webrick/server.rb:92:in `each'
  /opt/local/lib/ruby/1.8/webrick/server.rb:92:in `start'
  /opt/local/lib/ruby/1.8/webrick/server.rb:23:in `start'
  /opt/local/lib/ruby/1.8/webrick/server.rb:82:in `start'

Rendered rescues/_trace (34.4ms)
Rendered rescues/_request_and_response (1.2ms)
Rendering rescues/layout (internal_server_error)
  [4;35;1mSQL (0.2ms)[0m   [0mSET SQL_AUTO_IS_NULL=0[0m


Processing WhController#index (for 127.0.0.1 at 2012-03-08 03:29:39) [GET]

ActionView::MissingTemplate (Missing template wh/index.erb in view path app/views):
  /opt/local/lib/ruby/1.8/webrick/httpserver.rb:104:in `service'
  /opt/local/lib/ruby/1.8/webrick/httpserver.rb:65:in `run'
  /opt/local/lib/ruby/1.8/webrick/server.rb:173:in `start_thread'
  /opt/local/lib/ruby/1.8/webrick/server.rb:162:in `start'
  /opt/local/lib/ruby/1.8/webrick/server.rb:162:in `start_thread'
  /opt/local/lib/ruby/1.8/webrick/server.rb:95:in `start'
  /opt/local/lib/ruby/1.8/webrick/server.rb:92:in `each'
  /opt/local/lib/ruby/1.8/webrick/server.rb:92:in `start'
  /opt/local/lib/ruby/1.8/webrick/server.rb:23:in `start'
  /opt/local/lib/ruby/1.8/webrick/server.rb:82:in `start'

Rendering rescues/layout (internal_server_error)
  [4;36;1mSQL (0.1ms)[0m   [0;1mSET SQL_AUTO_IS_NULL=0[0m


Processing WhController#index (for 127.0.0.1 at 2012-03-08 03:29:48) [GET]

ActionView::MissingTemplate (Missing template wh/index.erb in view path app/views):
  /opt/local/lib/ruby/1.8/webrick/httpserver.rb:104:in `service'
  /opt/local/lib/ruby/1.8/webrick/httpserver.rb:65:in `run'
  /opt/local/lib/ruby/1.8/webrick/server.rb:173:in `start_thread'
  /opt/local/lib/ruby/1.8/webrick/server.rb:162:in `start'
  /opt/local/lib/ruby/1.8/webrick/server.rb:162:in `start_thread'
  /opt/local/lib/ruby/1.8/webrick/server.rb:95:in `start'
  /opt/local/lib/ruby/1.8/webrick/server.rb:92:in `each'
  /opt/local/lib/ruby/1.8/webrick/server.rb:92:in `start'
  /opt/local/lib/ruby/1.8/webrick/server.rb:23:in `start'
  /opt/local/lib/ruby/1.8/webrick/server.rb:82:in `start'

Rendering rescues/layout (internal_server_error)
  [4;35;1mSQL (0.1ms)[0m   [0mSET SQL_AUTO_IS_NULL=0[0m


Processing WhController#index (for 127.0.0.1 at 2012-03-08 03:30:20) [GET]
Completed in 2ms (View: 1, DB: 0) | 200 OK [http://oe/]
  [4;36;1mSQL (0.1ms)[0m   [0;1mSET SQL_AUTO_IS_NULL=0[0m


Processing WhController#index (for 127.0.0.1 at 2012-03-08 03:31:41) [GET]
Completed in 4ms (View: 1, DB: 0) | 200 OK [http://oe/]
  [4;35;1mSQL (0.1ms)[0m   [0mSET SQL_AUTO_IS_NULL=0[0m


Processing WhController#index (for 127.0.0.1 at 2012-03-08 03:31:42) [GET]
Completed in 3ms (View: 1, DB: 0) | 200 OK [http://oe/]
  [4;36;1mSQL (0.2ms)[0m   [0;1mSET SQL_AUTO_IS_NULL=0[0m


Processing WhController#index (for 127.0.0.1 at 2012-03-08 03:31:43) [GET]
Completed in 2ms (View: 1, DB: 0) | 200 OK [http://oe/]
  [4;35;1mSQL (0.1ms)[0m   [0mSET SQL_AUTO_IS_NULL=0[0m


Processing WhController#index (for 127.0.0.1 at 2012-03-08 03:31:44) [GET]
Completed in 2ms (View: 1, DB: 0) | 200 OK [http://oe/]
  [4;36;1mSQL (0.1ms)[0m   [0;1mSET SQL_AUTO_IS_NULL=0[0m


Processing WhController#index (for 127.0.0.1 at 2012-03-08 03:31:44) [GET]
Completed in 3ms (View: 1, DB: 0) | 200 OK [http://oe/]
  [4;35;1mSQL (0.1ms)[0m   [0mSET SQL_AUTO_IS_NULL=0[0m


Processing WhController#index (for 127.0.0.1 at 2012-03-08 03:31:44) [GET]
Completed in 2ms (View: 1, DB: 0) | 200 OK [http://oe/]
  [4;36;1mSQL (0.1ms)[0m   [0;1mSET SQL_AUTO_IS_NULL=0[0m


Processing WhController#index (for 127.0.0.1 at 2012-03-08 03:31:44) [GET]
Completed in 3ms (View: 1, DB: 0) | 200 OK [http://oe/]
  [4;35;1mSQL (0.1ms)[0m   [0mSET SQL_AUTO_IS_NULL=0[0m


Processing WhController#index (for 127.0.0.1 at 2012-03-08 03:31:44) [GET]
Completed in 2ms (View: 1, DB: 0) | 200 OK [http://oe/]
  [4;36;1mSQL (0.1ms)[0m   [0;1mSET SQL_AUTO_IS_NULL=0[0m


Processing WhController#index (for 127.0.0.1 at 2012-03-08 03:31:44) [GET]
Completed in 5ms (View: 1, DB: 0) | 200 OK [http://oe/]
  [4;35;1mSQL (0.2ms)[0m   [0mSET SQL_AUTO_IS_NULL=0[0m


Processing WhController#index (for 127.0.0.1 at 2012-03-08 03:31:45) [GET]
Completed in 3ms (View: 1, DB: 0) | 200 OK [http://oe/]
  [4;36;1mSQL (0.1ms)[0m   [0;1mSET SQL_AUTO_IS_NULL=0[0m


Processing WhController#index (for 127.0.0.1 at 2012-03-08 03:32:21) [GET]
Completed in 4ms (View: 1, DB: 0) | 200 OK [http://oe/]
  [4;35;1mSQL (0.2ms)[0m   [0mSET SQL_AUTO_IS_NULL=0[0m


Processing WhController#index (for 127.0.0.1 at 2012-03-08 03:32:32) [GET]
Completed in 5ms (View: 1, DB: 0) | 200 OK [http://oe/]
  [4;36;1mSQL (0.1ms)[0m   [0;1mSET SQL_AUTO_IS_NULL=0[0m


Processing WhController#index (for 127.0.0.1 at 2012-03-08 03:33:21) [GET]
Completed in 3ms (View: 1, DB: 0) | 200 OK [http://oe/]
  [4;35;1mSQL (0.2ms)[0m   [0mSET SQL_AUTO_IS_NULL=0[0m


Processing WhController#index (for 127.0.0.1 at 2012-03-08 03:33:31) [GET]
Completed in 3ms (View: 1, DB: 0) | 200 OK [http://oe/]
  [4;36;1mSQL (0.1ms)[0m   [0;1mSET SQL_AUTO_IS_NULL=0[0m


Processing WhController#index (for 127.0.0.1 at 2012-03-08 03:34:13) [GET]
Completed in 2ms (View: 1, DB: 0) | 200 OK [http://oe/]
  [4;35;1mSQL (0.9ms)[0m   [0mSET SQL_AUTO_IS_NULL=0[0m


Processing WhController#index (for 127.0.0.1 at 2012-03-08 03:34:15) [GET]
Completed in 3ms (View: 1, DB: 1) | 200 OK [http://oe/]
  [4;36;1mSQL (0.2ms)[0m   [0;1mSET SQL_AUTO_IS_NULL=0[0m


Processing WhController#index (for 127.0.0.1 at 2012-03-08 03:34:16) [GET]
Completed in 3ms (View: 1, DB: 0) | 200 OK [http://oe/]
  [4;35;1mSQL (0.1ms)[0m   [0mSET SQL_AUTO_IS_NULL=0[0m


Processing WhController#index (for 127.0.0.1 at 2012-03-08 03:34:16) [GET]
Completed in 3ms (View: 1, DB: 0) | 200 OK [http://oe/]
  [4;36;1mSQL (0.1ms)[0m   [0;1mSET SQL_AUTO_IS_NULL=0[0m


Processing WhController#index (for 127.0.0.1 at 2012-03-08 03:34:16) [GET]
Completed in 3ms (View: 1, DB: 0) | 200 OK [http://oe/]
  [4;35;1mSQL (0.1ms)[0m   [0mSET SQL_AUTO_IS_NULL=0[0m


Processing WhController#index (for 127.0.0.1 at 2012-03-08 03:34:16) [GET]
Completed in 2ms (View: 1, DB: 0) | 200 OK [http://oe/]
  [4;36;1mSQL (0.1ms)[0m   [0;1mSET SQL_AUTO_IS_NULL=0[0m


Processing WhController#index (for 127.0.0.1 at 2012-03-08 03:51:55) [GET]
Completed in 2ms (View: 1, DB: 0) | 200 OK [http://oe/]
  [4;35;1mSQL (0.1ms)[0m   [0mSET SQL_AUTO_IS_NULL=0[0m


Processing WhController#index (for 192.168.0.16 at 2012-03-08 04:06:44) [GET]
Completed in 2ms (View: 1, DB: 0) | 200 OK [http://192.168.0.24/]
  [4;36;1mSQL (0.1ms)[0m   [0;1mSET SQL_AUTO_IS_NULL=0[0m


Processing WhController#index (for 192.168.0.16 at 2012-03-08 04:18:33) [GET]
Completed in 2ms (View: 1, DB: 0) | 200 OK [http://192.168.0.24/]
  [4;35;1mSQL (0.2ms)[0m   [0mSET SQL_AUTO_IS_NULL=0[0m


Processing WhController#index (for 192.168.0.16 at 2012-03-08 04:22:52) [GET]
Completed in 2ms (View: 1, DB: 0) | 200 OK [http://192.168.0.24/]
  [4;36;1mSQL (0.1ms)[0m   [0;1mSET SQL_AUTO_IS_NULL=0[0m


Processing WhController#index (for 192.168.0.16 at 2012-03-08 04:23:20) [GET]
Completed in 2ms (View: 1, DB: 0) | 200 OK [http://192.168.0.24/]
  [4;35;1mSQL (0.1ms)[0m   [0mSET SQL_AUTO_IS_NULL=0[0m


Processing WhController#index (for 192.168.0.16 at 2012-03-08 04:25:07) [GET]
Completed in 3ms (View: 1, DB: 0) | 200 OK [http://192.168.0.24/]
  [4;36;1mSQL (0.1ms)[0m   [0;1mSET SQL_AUTO_IS_NULL=0[0m


Processing WhController#index (for 192.168.0.16 at 2012-03-08 04:40:19) [GET]
Completed in 2ms (View: 1, DB: 0) | 200 OK [http://192.168.0.24/]
  [4;35;1mSQL (0.1ms)[0m   [0mSET SQL_AUTO_IS_NULL=0[0m


Processing WhController#index (for 192.168.0.16 at 2012-03-08 04:42:24) [GET]
Completed in 2ms (View: 1, DB: 0) | 200 OK [http://192.168.0.24/]
  [4;36;1mSQL (0.1ms)[0m   [0;1mSET SQL_AUTO_IS_NULL=0[0m


Processing WhController#index (for 192.168.0.16 at 2012-03-08 04:42:42) [GET]
Completed in 2ms (View: 1, DB: 0) | 200 OK [http://192.168.0.24/]
  [4;35;1mSQL (0.1ms)[0m   [0mSET SQL_AUTO_IS_NULL=0[0m


Processing WhController#index (for 192.168.0.16 at 2012-03-08 04:46:29) [GET]
Completed in 2ms (View: 1, DB: 0) | 200 OK [http://192.168.0.24/]
  [4;36;1mSQL (0.1ms)[0m   [0;1mSET SQL_AUTO_IS_NULL=0[0m


Processing WhController#index (for 192.168.0.16 at 2012-03-08 04:48:28) [GET]
Completed in 2ms (View: 1, DB: 0) | 200 OK [http://192.168.0.24/]
  [4;35;1mSQL (0.1ms)[0m   [0mSET SQL_AUTO_IS_NULL=0[0m


Processing WhController#index (for 192.168.0.16 at 2012-03-08 05:10:51) [GET]
Completed in 3ms (View: 1, DB: 1) | 200 OK [http://192.168.0.24/]
  [4;36;1mSQL (0.1ms)[0m   [0;1mSET SQL_AUTO_IS_NULL=0[0m


Processing ApplicationController#index (for 127.0.0.1 at 2012-03-08 05:11:43) [GET]

SyntaxError (/Users/juweihua/studio/projects/iphone/Warriors' Heaven/server/wh/app/controllers/wh_controller.rb:7: odd number list for Hash
            "uid" = "ju"
                   ^
/Users/juweihua/studio/projects/iphone/Warriors' Heaven/server/wh/app/controllers/wh_controller.rb:7: syntax error, unexpected '=', expecting '}'
            "uid" = "ju"
                   ^
/Users/juweihua/studio/projects/iphone/Warriors' Heaven/server/wh/app/controllers/wh_controller.rb:8: syntax error, unexpected '}', expecting kEND):
  /opt/local/lib/ruby/1.8/webrick/httpserver.rb:104:in `service'
  /opt/local/lib/ruby/1.8/webrick/httpserver.rb:65:in `run'
  /opt/local/lib/ruby/1.8/webrick/server.rb:173:in `start_thread'
  /opt/local/lib/ruby/1.8/webrick/server.rb:162:in `start'
  /opt/local/lib/ruby/1.8/webrick/server.rb:162:in `start_thread'
  /opt/local/lib/ruby/1.8/webrick/server.rb:95:in `start'
  /opt/local/lib/ruby/1.8/webrick/server.rb:92:in `each'
  /opt/local/lib/ruby/1.8/webrick/server.rb:92:in `start'
  /opt/local/lib/ruby/1.8/webrick/server.rb:23:in `start'
  /opt/local/lib/ruby/1.8/webrick/server.rb:82:in `start'

Rendered rescues/_trace (29.9ms)
Rendered rescues/_request_and_response (0.3ms)
Rendering rescues/layout (internal_server_error)
  [4;35;1mSQL (0.1ms)[0m   [0mSET SQL_AUTO_IS_NULL=0[0m


Processing WhController#index (for 127.0.0.1 at 2012-03-08 05:11:49) [GET]
Completed in 3ms (View: 1, DB: 1) | 200 OK [http://oe/]
  [4;36;1mSQL (0.1ms)[0m   [0;1mSET SQL_AUTO_IS_NULL=0[0m


Processing WhController#index (for 192.168.0.16 at 2012-03-08 05:11:59) [GET]
Completed in 3ms (View: 1, DB: 1) | 200 OK [http://192.168.0.24/]
  [4;35;1mSQL (0.1ms)[0m   [0mSET SQL_AUTO_IS_NULL=0[0m


Processing WhController#index (for 192.168.0.16 at 2012-03-08 05:13:14) [GET]
Completed in 3ms (View: 1, DB: 1) | 200 OK [http://192.168.0.24/]
  [4;36;1mSQL (0.1ms)[0m   [0;1mSET SQL_AUTO_IS_NULL=0[0m


Processing WhController#index (for 192.168.0.16 at 2012-03-08 05:17:53) [GET]
Completed in 10ms (View: 1, DB: 1) | 200 OK [http://192.168.0.24/]
  [4;35;1mSQL (0.1ms)[0m   [0mSET SQL_AUTO_IS_NULL=0[0m


Processing WhController#index (for 192.168.0.16 at 2012-03-08 05:18:19) [GET]
Completed in 5ms (View: 1, DB: 1) | 200 OK [http://192.168.0.24/]
  [4;36;1mSQL (0.2ms)[0m   [0;1mSET SQL_AUTO_IS_NULL=0[0m
  [4;35;1mSQL (0.4ms)[0m   [0mSHOW TABLES[0m
  [4;36;1mSQL (0.3ms)[0m   [0;1mSELECT version FROM schema_migrations[0m
Migrating to CreateSessions (20120307190551)
Migrating to CreateUesrs (20120307212305)
  [4;35;1mSQL (106.1ms)[0m   [0mCREATE TABLE `uesrs` (`id` int(11) DEFAULT NULL auto_increment PRIMARY KEY, `user` varchar(255), `uid` int(11), `sid` varchar(255), `age` int(11), `race` int(11), `sex` int(11), `created_at` datetime, `updated_at` datetime) ENGINE=InnoDB[0m
  [4;36;1mSQL (19.2ms)[0m   [0;1mINSERT INTO schema_migrations (version) VALUES ('20120307212305')[0m
  [4;35;1mSQL (0.6ms)[0m   [0mSHOW TABLES[0m
  [4;36;1mSQL (0.2ms)[0m   [0;1mSELECT version FROM schema_migrations[0m
  [4;35;1mSQL (0.3ms)[0m   [0mSHOW TABLES[0m
  [4;36;1mSQL (12.1ms)[0m   [0;1mSHOW FIELDS FROM `sessions`[0m
  [4;35;1mSQL (1.4ms)[0m   [0mdescribe `sessions`[0m
  [4;36;1mSQL (0.3ms)[0m   [0;1mSHOW KEYS FROM `sessions`[0m
  [4;35;1mSQL (39.0ms)[0m   [0mSHOW FIELDS FROM `uesrs`[0m
  [4;36;1mSQL (9.0ms)[0m   [0;1mdescribe `uesrs`[0m
  [4;35;1mSQL (0.6ms)[0m   [0mSHOW KEYS FROM `uesrs`[0m
  [4;36;1mSQL (0.2ms)[0m   [0;1mSET SQL_AUTO_IS_NULL=0[0m
  [4;35;1mSQL (0.4ms)[0m   [0mSHOW TABLES[0m
  [4;36;1mSQL (0.2ms)[0m   [0;1mSELECT version FROM schema_migrations[0m
Migrating to CreateSessions (20120307190551)
Migrating to CreateUsers (20120307212305)
  [4;35;1mSQL (0.5ms)[0m   [0mSHOW TABLES[0m
  [4;36;1mSQL (0.2ms)[0m   [0;1mSELECT version FROM schema_migrations[0m
  [4;35;1mSQL (0.2ms)[0m   [0mSHOW TABLES[0m
  [4;36;1mSQL (82.2ms)[0m   [0;1mSHOW FIELDS FROM `sessions`[0m
  [4;35;1mSQL (1.1ms)[0m   [0mdescribe `sessions`[0m
  [4;36;1mSQL (0.5ms)[0m   [0;1mSHOW KEYS FROM `sessions`[0m
  [4;35;1mSQL (1.1ms)[0m   [0mSHOW FIELDS FROM `uesrs`[0m
  [4;36;1mSQL (1.5ms)[0m   [0;1mdescribe `uesrs`[0m
  [4;35;1mSQL (0.9ms)[0m   [0mSHOW KEYS FROM `uesrs`[0m
  [4;36;1mSQL (0.2ms)[0m   [0;1mSET SQL_AUTO_IS_NULL=0[0m
  [4;35;1mSQL (25.3ms)[0m   [0mSHOW TABLES[0m
  [4;36;1mSQL (0.3ms)[0m   [0;1mSELECT version FROM schema_migrations[0m
Migrating to CreateSessions (20120307190551)
Migrating to CreateUsers (20120307212306)
  [4;35;1mSQL (93.7ms)[0m   [0mCREATE TABLE `users` (`id` int(11) DEFAULT NULL auto_increment PRIMARY KEY, `user` varchar(255), `uid` int(11), `sid` varchar(255), `age` int(11), `race` int(11), `sex` int(11), `created_at` datetime, `updated_at` datetime) ENGINE=InnoDB[0m
  [4;36;1mSQL (0.5ms)[0m   [0;1mINSERT INTO schema_migrations (version) VALUES ('20120307212306')[0m
  [4;35;1mSQL (0.4ms)[0m   [0mSHOW TABLES[0m
  [4;36;1mSQL (0.2ms)[0m   [0;1mSELECT version FROM schema_migrations[0m
  [4;35;1mSQL (0.2ms)[0m   [0mSHOW TABLES[0m
  [4;36;1mSQL (35.0ms)[0m   [0;1mSHOW FIELDS FROM `sessions`[0m
  [4;35;1mSQL (1.5ms)[0m   [0mdescribe `sessions`[0m
  [4;36;1mSQL (0.3ms)[0m   [0;1mSHOW KEYS FROM `sessions`[0m
  [4;35;1mSQL (1.0ms)[0m   [0mSHOW FIELDS FROM `users`[0m
  [4;36;1mSQL (1.2ms)[0m   [0;1mdescribe `users`[0m
  [4;35;1mSQL (1.1ms)[0m   [0mSHOW KEYS FROM `users`[0m
  [4;36;1mSQL (0.2ms)[0m   [0;1mSET SQL_AUTO_IS_NULL=0[0m


Processing WhController#index (for 192.168.0.16 at 2012-03-08 05:32:02) [GET]

NameError (undefined local variable or method `cookie' for #<WhController:0x1037dc2c0>):
  app/controllers/wh_controller.rb:9:in `index'
  /opt/local/lib/ruby/1.8/webrick/httpserver.rb:104:in `service'
  /opt/local/lib/ruby/1.8/webrick/httpserver.rb:65:in `run'
  /opt/local/lib/ruby/1.8/webrick/server.rb:173:in `start_thread'
  /opt/local/lib/ruby/1.8/webrick/server.rb:162:in `start'
  /opt/local/lib/ruby/1.8/webrick/server.rb:162:in `start_thread'
  /opt/local/lib/ruby/1.8/webrick/server.rb:95:in `start'
  /opt/local/lib/ruby/1.8/webrick/server.rb:92:in `each'
  /opt/local/lib/ruby/1.8/webrick/server.rb:92:in `start'
  /opt/local/lib/ruby/1.8/webrick/server.rb:23:in `start'
  /opt/local/lib/ruby/1.8/webrick/server.rb:82:in `start'

Rendered rescues/_trace (52.4ms)
Rendered rescues/_request_and_response (1.3ms)
Rendering rescues/layout (internal_server_error)
  [4;35;1mSQL (0.1ms)[0m   [0mSET SQL_AUTO_IS_NULL=0[0m


Processing WhController#index (for 127.0.0.1 at 2012-03-08 05:33:07) [GET]

NameError (undefined local variable or method `cookie' for #<WhController:0x1035f4a48>):
  app/controllers/wh_controller.rb:9:in `index'
  /opt/local/lib/ruby/1.8/webrick/httpserver.rb:104:in `service'
  /opt/local/lib/ruby/1.8/webrick/httpserver.rb:65:in `run'
  /opt/local/lib/ruby/1.8/webrick/server.rb:173:in `start_thread'
  /opt/local/lib/ruby/1.8/webrick/server.rb:162:in `start'
  /opt/local/lib/ruby/1.8/webrick/server.rb:162:in `start_thread'
  /opt/local/lib/ruby/1.8/webrick/server.rb:95:in `start'
  /opt/local/lib/ruby/1.8/webrick/server.rb:92:in `each'
  /opt/local/lib/ruby/1.8/webrick/server.rb:92:in `start'
  /opt/local/lib/ruby/1.8/webrick/server.rb:23:in `start'
  /opt/local/lib/ruby/1.8/webrick/server.rb:82:in `start'

Rendered rescues/_trace (112.2ms)
Rendered rescues/_request_and_response (0.4ms)
Rendering rescues/layout (internal_server_error)
  [4;36;1mSQL (0.1ms)[0m   [0;1mSET SQL_AUTO_IS_NULL=0[0m


Processing WhController#index (for 127.0.0.1 at 2012-03-08 05:33:21) [GET]

NameError (undefined local variable or method `_wh_session' for #<WhController:0x103899050>):
  app/controllers/wh_controller.rb:9:in `index'
  /opt/local/lib/ruby/1.8/webrick/httpserver.rb:104:in `service'
  /opt/local/lib/ruby/1.8/webrick/httpserver.rb:65:in `run'
  /opt/local/lib/ruby/1.8/webrick/server.rb:173:in `start_thread'
  /opt/local/lib/ruby/1.8/webrick/server.rb:162:in `start'
  /opt/local/lib/ruby/1.8/webrick/server.rb:162:in `start_thread'
  /opt/local/lib/ruby/1.8/webrick/server.rb:95:in `start'
  /opt/local/lib/ruby/1.8/webrick/server.rb:92:in `each'
  /opt/local/lib/ruby/1.8/webrick/server.rb:92:in `start'
  /opt/local/lib/ruby/1.8/webrick/server.rb:23:in `start'
  /opt/local/lib/ruby/1.8/webrick/server.rb:82:in `start'

Rendered rescues/_trace (36.9ms)
Rendered rescues/_request_and_response (0.3ms)
Rendering rescues/layout (internal_server_error)
  [4;35;1mSQL (0.1ms)[0m   [0mSET SQL_AUTO_IS_NULL=0[0m


Processing WhController#index (for 127.0.0.1 at 2012-03-08 05:33:30) [GET]
  [4;36;1mUser Load (0.0ms)[0m   [0;1mMysql::Error: You have an error in your SQL syntax; check the manual that corresponds to your MySQL server version for the right syntax to use near ''032730df4eb17eaa9b6b83f798b76602' at line 1: select user, uid, sid, sex, race from users where sid='032730df4eb17eaa9b6b83f798b76602[0m

ActiveRecord::StatementInvalid (Mysql::Error: You have an error in your SQL syntax; check the manual that corresponds to your MySQL server version for the right syntax to use near ''032730df4eb17eaa9b6b83f798b76602' at line 1: select user, uid, sid, sex, race from users where sid='032730df4eb17eaa9b6b83f798b76602):
  app/controllers/wh_controller.rb:9:in `index'
  /opt/local/lib/ruby/1.8/webrick/httpserver.rb:104:in `service'
  /opt/local/lib/ruby/1.8/webrick/httpserver.rb:65:in `run'
  /opt/local/lib/ruby/1.8/webrick/server.rb:173:in `start_thread'
  /opt/local/lib/ruby/1.8/webrick/server.rb:162:in `start'
  /opt/local/lib/ruby/1.8/webrick/server.rb:162:in `start_thread'
  /opt/local/lib/ruby/1.8/webrick/server.rb:95:in `start'
  /opt/local/lib/ruby/1.8/webrick/server.rb:92:in `each'
  /opt/local/lib/ruby/1.8/webrick/server.rb:92:in `start'
  /opt/local/lib/ruby/1.8/webrick/server.rb:23:in `start'
  /opt/local/lib/ruby/1.8/webrick/server.rb:82:in `start'

Rendered rescues/_trace (43.5ms)
Rendered rescues/_request_and_response (0.3ms)
Rendering rescues/layout (internal_server_error)
  [4;35;1mSQL (0.1ms)[0m   [0mSET SQL_AUTO_IS_NULL=0[0m


Processing WhController#index (for 127.0.0.1 at 2012-03-08 05:33:59) [GET]
  [4;36;1mUser Load (0.3ms)[0m   [0;1mselect user, uid, sid, sex, race from users where sid='032730df4eb17eaa9b6b83f798b76602'[0m
Completed in 35ms (View: 28, DB: 2) | 200 OK [http://oe/]
  [4;35;1mSQL (0.1ms)[0m   [0mSET SQL_AUTO_IS_NULL=0[0m


Processing WhController#index (for 127.0.0.1 at 2012-03-08 05:38:34) [GET]
  [4;36;1mUser Load (0.2ms)[0m   [0;1mselect user, uid, sid, sex, race from users where sid='032730df4eb17eaa9b6b83f798b76602'[0m
Completed in 6ms (View: 1, DB: 1) | 200 OK [http://oe/]
  [4;35;1mSQL (0.2ms)[0m   [0mSET SQL_AUTO_IS_NULL=0[0m


Processing WhController#index (for 192.168.0.16 at 2012-03-08 05:40:15) [GET]
  [4;36;1mUser Load (0.3ms)[0m   [0;1mselect user, uid, sid, sex, race, age from users where sid='d434740f4ff4a5e758d4f340d7a5f467'[0m
  [4;35;1mUser Columns (26.8ms)[0m   [0mSHOW FIELDS FROM `users`[0m
Completed in 43ms (View: 3, DB: 28) | 200 OK [http://192.168.0.24/]
  [4;36;1mSQL (0.1ms)[0m   [0;1mSET SQL_AUTO_IS_NULL=0[0m


Processing WhController#index (for 192.168.0.16 at 2012-03-08 05:43:20) [GET]
  [4;35;1mUser Load (0.3ms)[0m   [0mselect user, uid, sid, sex, race, age from users where sid='d434740f4ff4a5e758d4f340d7a5f467'[0m
  [4;36;1mUser Columns (60.0ms)[0m   [0;1mSHOW FIELDS FROM `users`[0m
Completed in 69ms (View: 1, DB: 61) | 200 OK [http://192.168.0.24/]
  [4;35;1mSQL (0.1ms)[0m   [0mSET SQL_AUTO_IS_NULL=0[0m


Processing WhController#index (for 192.168.0.16 at 2012-03-08 05:44:23) [GET]
  [4;36;1mUser Load (0.3ms)[0m   [0;1mselect user, uid, sid, sex, race, age from users where sid='d434740f4ff4a5e758d4f340d7a5f467'[0m
  [4;35;1mUser Columns (41.1ms)[0m   [0mSHOW FIELDS FROM `users`[0m
Completed in 54ms (View: 1, DB: 42) | 200 OK [http://192.168.0.24/]
  [4;36;1mSQL (0.2ms)[0m   [0;1mSET SQL_AUTO_IS_NULL=0[0m
  [4;35;1mSQL (33.3ms)[0m   [0mSHOW TABLES[0m
  [4;36;1mSQL (0.4ms)[0m   [0;1mSELECT version FROM schema_migrations[0m
Migrating to CreateSessions (20120307190551)
Migrating to CreateUsers (20120307212306)
Migrating to CreateUserexts (20120307214736)
  [4;35;1mSQL (270.4ms)[0m   [0mCREATE TABLE `userexts` (`id` int(11) DEFAULT NULL auto_increment PRIMARY KEY, `uid` int(11), `gold` int(11), `exp` int(11), `level` int(11), `prop` varchar(255), `created_at` datetime, `updated_at` datetime) ENGINE=InnoDB[0m
  [4;36;1mSQL (1.6ms)[0m   [0;1mINSERT INTO schema_migrations (version) VALUES ('20120307214736')[0m
  [4;35;1mSQL (0.5ms)[0m   [0mSHOW TABLES[0m
  [4;36;1mSQL (0.2ms)[0m   [0;1mSELECT version FROM schema_migrations[0m
  [4;35;1mSQL (1.1ms)[0m   [0mSHOW TABLES[0m
  [4;36;1mSQL (22.3ms)[0m   [0;1mSHOW FIELDS FROM `sessions`[0m
  [4;35;1mSQL (1.3ms)[0m   [0mdescribe `sessions`[0m
  [4;36;1mSQL (0.8ms)[0m   [0;1mSHOW KEYS FROM `sessions`[0m
  [4;35;1mSQL (27.5ms)[0m   [0mSHOW FIELDS FROM `userexts`[0m
  [4;36;1mSQL (2.6ms)[0m   [0;1mdescribe `userexts`[0m
  [4;35;1mSQL (1.3ms)[0m   [0mSHOW KEYS FROM `userexts`[0m
  [4;36;1mSQL (1.3ms)[0m   [0;1mSHOW FIELDS FROM `users`[0m
  [4;35;1mSQL (2.7ms)[0m   [0mdescribe `users`[0m
  [4;36;1mSQL (2.5ms)[0m   [0;1mSHOW KEYS FROM `users`[0m
  [4;36;1mSQL (0.1ms)[0m   [0;1mSET SQL_AUTO_IS_NULL=0[0m


Processing ApplicationController#index (for 127.0.0.1 at 2012-03-08 05:51:57) [GET]

SyntaxError (/Users/juweihua/studio/projects/iphone/Warriors' Heaven/server/wh/app/controllers/wh_controller.rb:13: syntax error, unexpected tIDENTIFIER, expecting kEND
/Users/juweihua/studio/projects/iphone/Warriors' Heaven/server/wh/app/controllers/wh_controller.rb:15: syntax error, unexpected $end, expecting kEND):
  /opt/local/lib/ruby/1.8/webrick/httpserver.rb:104:in `service'
  /opt/local/lib/ruby/1.8/webrick/httpserver.rb:65:in `run'
  /opt/local/lib/ruby/1.8/webrick/server.rb:173:in `start_thread'
  /opt/local/lib/ruby/1.8/webrick/server.rb:162:in `start'
  /opt/local/lib/ruby/1.8/webrick/server.rb:162:in `start_thread'
  /opt/local/lib/ruby/1.8/webrick/server.rb:95:in `start'
  /opt/local/lib/ruby/1.8/webrick/server.rb:92:in `each'
  /opt/local/lib/ruby/1.8/webrick/server.rb:92:in `start'
  /opt/local/lib/ruby/1.8/webrick/server.rb:23:in `start'
  /opt/local/lib/ruby/1.8/webrick/server.rb:82:in `start'

Rendered rescues/_trace (29.5ms)
Rendered rescues/_request_and_response (0.3ms)
Rendering rescues/layout (internal_server_error)
  [4;35;1mSQL (0.1ms)[0m   [0mSET SQL_AUTO_IS_NULL=0[0m


Processing ApplicationController#index (for 127.0.0.1 at 2012-03-08 05:52:09) [GET]

SyntaxError (/Users/juweihua/studio/projects/iphone/Warriors' Heaven/server/wh/app/controllers/wh_controller.rb:14: syntax error, unexpected tIDENTIFIER, expecting kEND):
  /opt/local/lib/ruby/1.8/webrick/httpserver.rb:104:in `service'
  /opt/local/lib/ruby/1.8/webrick/httpserver.rb:65:in `run'
  /opt/local/lib/ruby/1.8/webrick/server.rb:173:in `start_thread'
  /opt/local/lib/ruby/1.8/webrick/server.rb:162:in `start'
  /opt/local/lib/ruby/1.8/webrick/server.rb:162:in `start_thread'
  /opt/local/lib/ruby/1.8/webrick/server.rb:95:in `start'
  /opt/local/lib/ruby/1.8/webrick/server.rb:92:in `each'
  /opt/local/lib/ruby/1.8/webrick/server.rb:92:in `start'
  /opt/local/lib/ruby/1.8/webrick/server.rb:23:in `start'
  /opt/local/lib/ruby/1.8/webrick/server.rb:82:in `start'

Rendered rescues/_trace (29.8ms)
Rendered rescues/_request_and_response (0.3ms)
Rendering rescues/layout (internal_server_error)
  [4;36;1mSQL (0.1ms)[0m   [0;1mSET SQL_AUTO_IS_NULL=0[0m


Processing WhController#index (for 127.0.0.1 at 2012-03-08 05:52:29) [GET]
  [4;35;1mUser Load (0.4ms)[0m   [0mselect user, uid, sid, sex, race, age from users where sid='032730df4eb17eaa9b6b83f798b76602'[0m
Completed in 21ms (View: 15, DB: 1) | 200 OK [http://oe/]
  [4;36;1mSQL (0.1ms)[0m   [0;1mSET SQL_AUTO_IS_NULL=0[0m


Processing WhController#index (for 192.168.0.16 at 2012-03-08 05:52:57) [GET]
  [4;35;1mUser Load (0.2ms)[0m   [0mselect user, uid, sid, sex, race, age from users where sid='d434740f4ff4a5e758d4f340d7a5f467'[0m
  [4;36;1mUser Columns (33.9ms)[0m   [0;1mSHOW FIELDS FROM `users`[0m
Completed in 41ms (View: 1, DB: 35) | 200 OK [http://192.168.0.24/]
  [4;35;1mSQL (0.1ms)[0m   [0mSET SQL_AUTO_IS_NULL=0[0m


Processing WhController#index (for 192.168.0.16 at 2012-03-08 05:53:37) [GET]
  [4;36;1mUser Load (0.2ms)[0m   [0;1mselect user, uid, sid, sex, race, age from users where sid='d434740f4ff4a5e758d4f340d7a5f467'[0m
  [4;35;1mUser Columns (1.1ms)[0m   [0mSHOW FIELDS FROM `users`[0m
Completed in 9ms (View: 1, DB: 2) | 200 OK [http://192.168.0.24/]
  [4;36;1mSQL (0.1ms)[0m   [0;1mSET SQL_AUTO_IS_NULL=0[0m


Processing WhController#index (for 127.0.0.1 at 2012-03-08 05:56:01) [GET]
  [4;35;1mUser Load (0.4ms)[0m   [0mselect user, uid, sid, sex, race, age from users where sid='032730df4eb17eaa9b6b83f798b76602'[0m
  [4;36;1mUser Load (0.2ms)[0m   [0;1mselect user, uid, sid, sex, race, age from users where sid='d434740f4ff4a5e758d4f340d7a5f467'[0m
  [4;35;1mUser Columns (27.0ms)[0m   [0mSHOW FIELDS FROM `users`[0m
Completed in 37ms (View: 2, DB: 28) | 200 OK [http://oe/]
  [4;36;1mSQL (0.1ms)[0m   [0;1mSET SQL_AUTO_IS_NULL=0[0m


Processing WhController#index (for 127.0.0.1 at 2012-03-08 05:56:10) [GET]
  [4;35;1mUser Load (0.3ms)[0m   [0mselect user, uid, sid, sex, race, age from users where sid='032730df4eb17eaa9b6b83f798b76602'[0m
  [4;36;1mUser Load (0.1ms)[0m   [0;1mselect user, uid, sid, sex, race, age from users where sid='d434740f4ff4a5e758d4f340d7a5f467'[0m

TypeError (can't convert String into Integer):
  app/controllers/wh_controller.rb:14:in `[]'
  app/controllers/wh_controller.rb:14:in `index'
  /opt/local/lib/ruby/1.8/webrick/httpserver.rb:104:in `service'
  /opt/local/lib/ruby/1.8/webrick/httpserver.rb:65:in `run'
  /opt/local/lib/ruby/1.8/webrick/server.rb:173:in `start_thread'
  /opt/local/lib/ruby/1.8/webrick/server.rb:162:in `start'
  /opt/local/lib/ruby/1.8/webrick/server.rb:162:in `start_thread'
  /opt/local/lib/ruby/1.8/webrick/server.rb:95:in `start'
  /opt/local/lib/ruby/1.8/webrick/server.rb:92:in `each'
  /opt/local/lib/ruby/1.8/webrick/server.rb:92:in `start'
  /opt/local/lib/ruby/1.8/webrick/server.rb:23:in `start'
  /opt/local/lib/ruby/1.8/webrick/server.rb:82:in `start'

Rendered rescues/_trace (109.9ms)
Rendered rescues/_request_and_response (0.3ms)
Rendering rescues/layout (internal_server_error)
  [4;35;1mSQL (0.1ms)[0m   [0mSET SQL_AUTO_IS_NULL=0[0m


Processing WhController#index (for 127.0.0.1 at 2012-03-08 05:56:26) [GET]
  [4;36;1mUser Load (0.3ms)[0m   [0;1mselect user, uid, sid, sex, race, age from users where sid='032730df4eb17eaa9b6b83f798b76602'[0m
  [4;35;1mUser Load (0.1ms)[0m   [0mselect user, uid, sid, sex, race, age from users where sid='d434740f4ff4a5e758d4f340d7a5f467'[0m
  [4;36;1mUser Columns (1.0ms)[0m   [0;1mSHOW FIELDS FROM `users`[0m
Completed in 9ms (View: 1, DB: 2) | 200 OK [http://oe/]
  [4;35;1mSQL (0.1ms)[0m   [0mSET SQL_AUTO_IS_NULL=0[0m


Processing WhController#index (for 127.0.0.1 at 2012-03-08 05:56:31) [GET]
  [4;36;1mUser Load (0.3ms)[0m   [0;1mselect user, uid, sid, sex, race, age from users where sid='032730df4eb17eaa9b6b83f798b76602'[0m
  [4;35;1mUser Load (0.1ms)[0m   [0mselect user, uid, sid, sex, race, age from users where sid='d434740f4ff4a5e758d4f340d7a5f467'[0m
  [4;36;1mUser Columns (1.0ms)[0m   [0;1mSHOW FIELDS FROM `users`[0m
Completed in 13ms (View: 1, DB: 2) | 200 OK [http://oe/]
  [4;35;1mSQL (0.1ms)[0m   [0mSET SQL_AUTO_IS_NULL=0[0m


Processing WhController#index (for 127.0.0.1 at 2012-03-08 05:56:44) [GET]
  [4;36;1mUser Load (0.2ms)[0m   [0;1mselect user, uid, sid, sex, race, age from users where sid='032730df4eb17eaa9b6b83f798b76602'[0m
  [4;35;1mUser Load (0.1ms)[0m   [0mselect user, uid, sid, sex, race, age from users where sid='d434740f4ff4a5e758d4f340d7a5f467'[0m
  [4;36;1mUser Columns (46.5ms)[0m   [0;1mSHOW FIELDS FROM `users`[0m
Completed in 53ms (View: 1, DB: 47) | 200 OK [http://oe/]
  [4;35;1mSQL (0.1ms)[0m   [0mSET SQL_AUTO_IS_NULL=0[0m


Processing WhController#index (for 127.0.0.1 at 2012-03-08 05:56:50) [GET]
  [4;36;1mUser Load (0.3ms)[0m   [0;1mselect user, uid, sid, sex, race, age from users where sid='032730df4eb17eaa9b6b83f798b76602'[0m
  [4;35;1mUser Load (0.2ms)[0m   [0mselect user, uid, sid, sex, race, age from users where sid='d434740f4ff4a5e758d4f340d7a5f467'[0m
  [4;36;1mUser Columns (1.8ms)[0m   [0;1mSHOW FIELDS FROM `users`[0m
Completed in 10ms (View: 1, DB: 3) | 200 OK [http://oe/]
  [4;35;1mSQL (1.1ms)[0m   [0mSET SQL_AUTO_IS_NULL=0[0m


Processing WhController#index (for 127.0.0.1 at 2012-03-08 05:56:58) [GET]
  [4;36;1mUser Load (0.3ms)[0m   [0;1mselect user, uid, sid, sex, race, age from users where sid='032730df4eb17eaa9b6b83f798b76602'[0m
  [4;35;1mUser Load (0.2ms)[0m   [0mselect user, uid, sid, sex, race, age from users where sid='d434740f4ff4a5e758d4f340d7a5f467'[0m
Completed in 13ms (View: 1, DB: 2) | 200 OK [http://oe/]
  [4;36;1mSQL (0.1ms)[0m   [0;1mSET SQL_AUTO_IS_NULL=0[0m


Processing WhController#index (for 127.0.0.1 at 2012-03-08 05:57:01) [GET]
  [4;35;1mUser Load (0.3ms)[0m   [0mselect user, uid, sid, sex, race, age from users where sid='032730df4eb17eaa9b6b83f798b76602'[0m
  [4;36;1mUser Load (0.2ms)[0m   [0;1mselect user, uid, sid, sex, race, age from users where sid='d434740f4ff4a5e758d4f340d7a5f467'[0m
Completed in 6ms (View: 1, DB: 1) | 200 OK [http://oe/]
  [4;35;1mSQL (0.3ms)[0m   [0mSET SQL_AUTO_IS_NULL=0[0m


Processing WhController#index (for 127.0.0.1 at 2012-03-08 05:57:02) [GET]
  [4;36;1mUser Load (0.2ms)[0m   [0;1mselect user, uid, sid, sex, race, age from users where sid='032730df4eb17eaa9b6b83f798b76602'[0m
  [4;35;1mUser Load (0.1ms)[0m   [0mselect user, uid, sid, sex, race, age from users where sid='d434740f4ff4a5e758d4f340d7a5f467'[0m
Completed in 6ms (View: 1, DB: 1) | 200 OK [http://oe/]
  [4;36;1mSQL (0.1ms)[0m   [0;1mSET SQL_AUTO_IS_NULL=0[0m


Processing WhController#index (for 127.0.0.1 at 2012-03-08 05:57:07) [GET]
  [4;35;1mUser Load (0.3ms)[0m   [0mselect user, uid, sid, sex, race, age from users where sid='032730df4eb17eaa9b6b83f798b76602'[0m
  [4;36;1mUser Load (0.2ms)[0m   [0;1mselect user, uid, sid, sex, race, age from users where sid='d434740f4ff4a5e758d4f340d7a5f467'[0m
Completed in 6ms (View: 1, DB: 1) | 200 OK [http://oe/]
  [4;35;1mSQL (0.1ms)[0m   [0mSET SQL_AUTO_IS_NULL=0[0m


Processing WhController#index (for 127.0.0.1 at 2012-03-08 05:57:08) [GET]
  [4;36;1mUser Load (0.3ms)[0m   [0;1mselect user, uid, sid, sex, race, age from users where sid='032730df4eb17eaa9b6b83f798b76602'[0m
  [4;35;1mUser Load (0.2ms)[0m   [0mselect user, uid, sid, sex, race, age from users where sid='d434740f4ff4a5e758d4f340d7a5f467'[0m
Completed in 8ms (View: 1, DB: 2) | 200 OK [http://oe/]
  [4;36;1mSQL (0.1ms)[0m   [0;1mSET SQL_AUTO_IS_NULL=0[0m


Processing WhController#index (for 127.0.0.1 at 2012-03-08 05:57:08) [GET]
  [4;35;1mUser Load (0.3ms)[0m   [0mselect user, uid, sid, sex, race, age from users where sid='032730df4eb17eaa9b6b83f798b76602'[0m
  [4;36;1mUser Load (0.2ms)[0m   [0;1mselect user, uid, sid, sex, race, age from users where sid='d434740f4ff4a5e758d4f340d7a5f467'[0m
Completed in 8ms (View: 1, DB: 2) | 200 OK [http://oe/]
  [4;35;1mSQL (0.1ms)[0m   [0mSET SQL_AUTO_IS_NULL=0[0m


Processing WhController#index (for 127.0.0.1 at 2012-03-08 05:57:08) [GET]
  [4;36;1mUser Load (0.3ms)[0m   [0;1mselect user, uid, sid, sex, race, age from users where sid='032730df4eb17eaa9b6b83f798b76602'[0m
  [4;35;1mUser Load (0.2ms)[0m   [0mselect user, uid, sid, sex, race, age from users where sid='d434740f4ff4a5e758d4f340d7a5f467'[0m
Completed in 9ms (View: 1, DB: 1) | 200 OK [http://oe/]
  [4;36;1mSQL (0.1ms)[0m   [0;1mSET SQL_AUTO_IS_NULL=0[0m


Processing WhController#index (for 127.0.0.1 at 2012-03-08 05:57:17) [GET]
  [4;35;1mUser Load (0.3ms)[0m   [0mselect user, uid, sid, sex, race, age from users where sid='032730df4eb17eaa9b6b83f798b76602'[0m
  [4;36;1mUser Load (0.2ms)[0m   [0;1mselect user, uid, sid, sex, race, age from users where sid='d434740f4ff4a5e758d4f340d7a5f467'[0m
  [4;35;1mUser Columns (1.7ms)[0m   [0mSHOW FIELDS FROM `users`[0m
Completed in 10ms (View: 1, DB: 3) | 200 OK [http://oe/]
  [4;36;1mSQL (0.1ms)[0m   [0;1mSET SQL_AUTO_IS_NULL=0[0m


Processing WhController#index (for 192.168.0.16 at 2012-03-08 06:06:11) [GET]
  [4;35;1mUser Load (0.3ms)[0m   [0mselect user, uid, sid, sex, race, age from users where sid='d434740f4ff4a5e758d4f340d7a5f467'[0m
  [4;36;1mCACHE (0.0ms)[0m   [0;1mselect user, uid, sid, sex, race, age from users where sid='d434740f4ff4a5e758d4f340d7a5f467'[0m
  [4;35;1mUser Columns (22.5ms)[0m   [0mSHOW FIELDS FROM `users`[0m
Completed in 31ms (View: 1, DB: 23) | 200 OK [http://192.168.0.24/]
  [4;36;1mSQL (0.1ms)[0m   [0;1mSET SQL_AUTO_IS_NULL=0[0m


Processing WhController#index (for 192.168.0.16 at 2012-03-08 06:08:38) [GET]
  [4;35;1mUser Load (0.3ms)[0m   [0mselect user, uid, sid, sex, race, age from users where sid='d434740f4ff4a5e758d4f340d7a5f467'[0m
  [4;36;1mCACHE (0.0ms)[0m   [0;1mselect user, uid, sid, sex, race, age from users where sid='d434740f4ff4a5e758d4f340d7a5f467'[0m
  [4;35;1mUser Columns (35.4ms)[0m   [0mSHOW FIELDS FROM `users`[0m
Completed in 47ms (View: 1, DB: 36) | 200 OK [http://192.168.0.24/]
  [4;36;1mSQL (0.2ms)[0m   [0;1mSET SQL_AUTO_IS_NULL=0[0m


Processing WhController#index (for 192.168.0.16 at 2012-03-08 06:54:50) [GET]
  [4;35;1mUser Load (0.6ms)[0m   [0mselect user, uid, sid, sex, race, age from users where sid='d434740f4ff4a5e758d4f340d7a5f467'[0m
  [4;36;1mCACHE (0.0ms)[0m   [0;1mselect user, uid, sid, sex, race, age from users where sid='d434740f4ff4a5e758d4f340d7a5f467'[0m
  [4;35;1mUser Columns (26.9ms)[0m   [0mSHOW FIELDS FROM `users`[0m
Completed in 140ms (View: 1, DB: 28) | 200 OK [http://192.168.0.24/]
  [4;36;1mSQL (0.1ms)[0m   [0;1mSET SQL_AUTO_IS_NULL=0[0m


Processing ApplicationController#index (for 192.168.0.16 at 2012-03-08 06:54:51) [GET]

ActionController::RoutingError (No route matches "/status" with {:method=>:get}):
  /opt/local/lib/ruby/1.8/webrick/httpserver.rb:104:in `service'
  /opt/local/lib/ruby/1.8/webrick/httpserver.rb:65:in `run'
  /opt/local/lib/ruby/1.8/webrick/server.rb:173:in `start_thread'
  /opt/local/lib/ruby/1.8/webrick/server.rb:162:in `start'
  /opt/local/lib/ruby/1.8/webrick/server.rb:162:in `start_thread'
  /opt/local/lib/ruby/1.8/webrick/server.rb:95:in `start'
  /opt/local/lib/ruby/1.8/webrick/server.rb:92:in `each'
  /opt/local/lib/ruby/1.8/webrick/server.rb:92:in `start'
  /opt/local/lib/ruby/1.8/webrick/server.rb:23:in `start'
  /opt/local/lib/ruby/1.8/webrick/server.rb:82:in `start'

Rendering rescues/layout (not_found)
  [4;35;1mSQL (0.1ms)[0m   [0mSET SQL_AUTO_IS_NULL=0[0m


Processing WhController#index (for 192.168.0.16 at 2012-03-08 06:57:50) [GET]
  [4;36;1mUser Load (0.3ms)[0m   [0;1mselect user, uid, sid, sex, race, age from users where sid='d434740f4ff4a5e758d4f340d7a5f467'[0m
  [4;35;1mCACHE (0.0ms)[0m   [0mselect user, uid, sid, sex, race, age from users where sid='d434740f4ff4a5e758d4f340d7a5f467'[0m
  [4;36;1mUser Columns (19.1ms)[0m   [0;1mSHOW FIELDS FROM `users`[0m
Completed in 28ms (View: 1, DB: 20) | 200 OK [http://192.168.0.24/]
  [4;35;1mSQL (0.1ms)[0m   [0mSET SQL_AUTO_IS_NULL=0[0m


Processing WhController#index (for 192.168.0.16 at 2012-03-08 06:57:50) [GET]
  [4;36;1mUser Load (0.2ms)[0m   [0;1mselect user, uid, sid, sex, race, age from users where sid='d434740f4ff4a5e758d4f340d7a5f467'[0m
  [4;35;1mCACHE (0.0ms)[0m   [0mselect user, uid, sid, sex, race, age from users where sid='d434740f4ff4a5e758d4f340d7a5f467'[0m
  [4;36;1mUser Columns (51.4ms)[0m   [0;1mSHOW FIELDS FROM `users`[0m
Completed in 84ms (View: 1, DB: 52) | 200 OK [http://192.168.0.24/]
  [4;35;1mSQL (0.1ms)[0m   [0mSET SQL_AUTO_IS_NULL=0[0m


Processing WhController#index (for 192.168.0.16 at 2012-03-08 07:01:17) [GET]
  [4;36;1mUser Load (0.3ms)[0m   [0;1mselect user, uid, sid, sex, race, age from users where sid='d434740f4ff4a5e758d4f340d7a5f467'[0m
  [4;35;1mCACHE (0.0ms)[0m   [0mselect user, uid, sid, sex, race, age from users where sid='d434740f4ff4a5e758d4f340d7a5f467'[0m
  [4;36;1mUser Columns (36.7ms)[0m   [0;1mSHOW FIELDS FROM `users`[0m
Completed in 50ms (View: 1, DB: 38) | 200 OK [http://192.168.0.24/]
  [4;35;1mSQL (0.1ms)[0m   [0mSET SQL_AUTO_IS_NULL=0[0m


Processing WhController#index (for 192.168.0.16 at 2012-03-08 07:01:53) [GET]
  [4;36;1mUser Load (0.6ms)[0m   [0;1mselect user, uid, sid, sex, race, age from users where sid='d434740f4ff4a5e758d4f340d7a5f467'[0m
  [4;35;1mCACHE (0.0ms)[0m   [0mselect user, uid, sid, sex, race, age from users where sid='d434740f4ff4a5e758d4f340d7a5f467'[0m
  [4;36;1mUser Columns (3.2ms)[0m   [0;1mSHOW FIELDS FROM `users`[0m
Completed in 17ms (View: 1, DB: 4) | 200 OK [http://192.168.0.24/]
  [4;35;1mSQL (0.1ms)[0m   [0mSET SQL_AUTO_IS_NULL=0[0m


Processing WhController#index (for 192.168.0.16 at 2012-03-08 07:02:21) [GET]
  [4;36;1mUser Load (0.3ms)[0m   [0;1mselect user, uid, sid, sex, race, age from users where sid='d434740f4ff4a5e758d4f340d7a5f467'[0m
  [4;35;1mCACHE (0.0ms)[0m   [0mselect user, uid, sid, sex, race, age from users where sid='d434740f4ff4a5e758d4f340d7a5f467'[0m
  [4;36;1mUser Columns (1.2ms)[0m   [0;1mSHOW FIELDS FROM `users`[0m
Completed in 10ms (View: 1, DB: 2) | 200 OK [http://192.168.0.24/]
  [4;35;1mSQL (0.1ms)[0m   [0mSET SQL_AUTO_IS_NULL=0[0m


Processing WhController#index (for 192.168.0.16 at 2012-03-08 07:04:52) [GET]
  [4;36;1mUser Load (0.8ms)[0m   [0;1mselect user, uid, sid, sex, race, age from users where sid='d434740f4ff4a5e758d4f340d7a5f467'[0m
  [4;35;1mCACHE (0.0ms)[0m   [0mselect user, uid, sid, sex, race, age from users where sid='d434740f4ff4a5e758d4f340d7a5f467'[0m
  [4;36;1mUser Columns (26.5ms)[0m   [0;1mSHOW FIELDS FROM `users`[0m
Completed in 57ms (View: 1, DB: 28) | 200 OK [http://192.168.0.24/]
  [4;35;1mSQL (0.1ms)[0m   [0mSET SQL_AUTO_IS_NULL=0[0m


Processing WhController#index (for 192.168.0.16 at 2012-03-08 07:06:52) [GET]
  [4;36;1mUser Load (0.3ms)[0m   [0;1mselect user, uid, sid, sex, race, age from users where sid='d434740f4ff4a5e758d4f340d7a5f467'[0m
  [4;35;1mCACHE (0.0ms)[0m   [0mselect user, uid, sid, sex, race, age from users where sid='d434740f4ff4a5e758d4f340d7a5f467'[0m
  [4;36;1mUser Columns (19.8ms)[0m   [0;1mSHOW FIELDS FROM `users`[0m
Completed in 29ms (View: 1, DB: 21) | 200 OK [http://192.168.0.24/]
  [4;35;1mSQL (0.1ms)[0m   [0mSET SQL_AUTO_IS_NULL=0[0m


Processing WhController#index (for 192.168.0.16 at 2012-03-08 07:06:52) [GET]
  [4;36;1mUser Load (0.5ms)[0m   [0;1mselect user, uid, sid, sex, race, age from users where sid='d434740f4ff4a5e758d4f340d7a5f467'[0m
  [4;35;1mCACHE (0.0ms)[0m   [0mselect user, uid, sid, sex, race, age from users where sid='d434740f4ff4a5e758d4f340d7a5f467'[0m
  [4;36;1mUser Columns (1.2ms)[0m   [0;1mSHOW FIELDS FROM `users`[0m
Completed in 11ms (View: 1, DB: 2) | 200 OK [http://192.168.0.24/]
  [4;35;1mSQL (0.1ms)[0m   [0mSET SQL_AUTO_IS_NULL=0[0m


Processing WhController#index (for 192.168.0.16 at 2012-03-08 07:46:21) [GET]
  [4;36;1mUser Load (0.3ms)[0m   [0;1mselect user, uid, sid, sex, race, age from users where sid='d434740f4ff4a5e758d4f340d7a5f467'[0m
  [4;35;1mCACHE (0.0ms)[0m   [0mselect user, uid, sid, sex, race, age from users where sid='d434740f4ff4a5e758d4f340d7a5f467'[0m
  [4;36;1mUser Columns (28.8ms)[0m   [0;1mSHOW FIELDS FROM `users`[0m
Completed in 38ms (View: 1, DB: 30) | 200 OK [http://192.168.0.24/]
  [4;35;1mSQL (0.1ms)[0m   [0mSET SQL_AUTO_IS_NULL=0[0m


Processing WhController#index (for 192.168.0.16 at 2012-03-08 07:46:21) [GET]
  [4;36;1mUser Load (0.3ms)[0m   [0;1mselect user, uid, sid, sex, race, age from users where sid='d434740f4ff4a5e758d4f340d7a5f467'[0m
  [4;35;1mCACHE (0.0ms)[0m   [0mselect user, uid, sid, sex, race, age from users where sid='d434740f4ff4a5e758d4f340d7a5f467'[0m
  [4;36;1mUser Columns (1.0ms)[0m   [0;1mSHOW FIELDS FROM `users`[0m
Completed in 10ms (View: 1, DB: 2) | 200 OK [http://192.168.0.24/]
  [4;35;1mSQL (0.1ms)[0m   [0mSET SQL_AUTO_IS_NULL=0[0m


Processing WhController#index (for 192.168.0.16 at 2012-03-08 07:54:52) [GET]
  [4;36;1mUser Load (2.7ms)[0m   [0;1mselect user, uid, sid, sex, race, age from users where sid='d434740f4ff4a5e758d4f340d7a5f467'[0m
  [4;35;1mCACHE (0.0ms)[0m   [0mselect user, uid, sid, sex, race, age from users where sid='d434740f4ff4a5e758d4f340d7a5f467'[0m
  [4;36;1mUser Columns (19.3ms)[0m   [0;1mSHOW FIELDS FROM `users`[0m
Completed in 40ms (View: 1, DB: 23) | 200 OK [http://192.168.0.24/]
  [4;35;1mSQL (0.1ms)[0m   [0mSET SQL_AUTO_IS_NULL=0[0m


Processing WhController#index (for 192.168.0.16 at 2012-03-08 07:54:52) [GET]
  [4;36;1mUser Load (0.8ms)[0m   [0;1mselect user, uid, sid, sex, race, age from users where sid='d434740f4ff4a5e758d4f340d7a5f467'[0m
  [4;35;1mCACHE (0.0ms)[0m   [0mselect user, uid, sid, sex, race, age from users where sid='d434740f4ff4a5e758d4f340d7a5f467'[0m
  [4;36;1mUser Columns (2.0ms)[0m   [0;1mSHOW FIELDS FROM `users`[0m
Completed in 16ms (View: 1, DB: 4) | 200 OK [http://192.168.0.24/]
  [4;35;1mSQL (0.1ms)[0m   [0mSET SQL_AUTO_IS_NULL=0[0m


Processing WhController#index (for 192.168.0.16 at 2012-03-08 07:56:21) [GET]
  [4;36;1mUser Load (0.3ms)[0m   [0;1mselect user, uid, sid, sex, race, age from users where sid='d434740f4ff4a5e758d4f340d7a5f467'[0m
  [4;35;1mCACHE (0.0ms)[0m   [0mselect user, uid, sid, sex, race, age from users where sid='d434740f4ff4a5e758d4f340d7a5f467'[0m
  [4;36;1mUser Columns (1.3ms)[0m   [0;1mSHOW FIELDS FROM `users`[0m
Completed in 13ms (View: 1, DB: 2) | 200 OK [http://192.168.0.24/]
  [4;35;1mSQL (0.1ms)[0m   [0mSET SQL_AUTO_IS_NULL=0[0m


Processing WhController#index (for 192.168.0.16 at 2012-03-08 07:56:21) [GET]
  [4;36;1mUser Load (0.3ms)[0m   [0;1mselect user, uid, sid, sex, race, age from users where sid='d434740f4ff4a5e758d4f340d7a5f467'[0m
  [4;35;1mCACHE (0.0ms)[0m   [0mselect user, uid, sid, sex, race, age from users where sid='d434740f4ff4a5e758d4f340d7a5f467'[0m
  [4;36;1mUser Columns (1.4ms)[0m   [0;1mSHOW FIELDS FROM `users`[0m
Completed in 17ms (View: 1, DB: 2) | 200 OK [http://192.168.0.24/]
  [4;35;1mSQL (0.1ms)[0m   [0mSET SQL_AUTO_IS_NULL=0[0m


Processing WhController#index (for 192.168.0.16 at 2012-03-08 07:56:41) [GET]
  [4;36;1mUser Load (0.3ms)[0m   [0;1mselect user, uid, sid, sex, race, age from users where sid='d434740f4ff4a5e758d4f340d7a5f467'[0m
  [4;35;1mCACHE (0.0ms)[0m   [0mselect user, uid, sid, sex, race, age from users where sid='d434740f4ff4a5e758d4f340d7a5f467'[0m
  [4;36;1mUser Columns (1.1ms)[0m   [0;1mSHOW FIELDS FROM `users`[0m
Completed in 9ms (View: 1, DB: 2) | 200 OK [http://192.168.0.24/]
  [4;35;1mSQL (0.1ms)[0m   [0mSET SQL_AUTO_IS_NULL=0[0m


Processing WhController#index (for 192.168.0.16 at 2012-03-08 07:57:00) [GET]
  [4;36;1mUser Load (0.3ms)[0m   [0;1mselect user, uid, sid, sex, race, age from users where sid='d434740f4ff4a5e758d4f340d7a5f467'[0m
  [4;35;1mCACHE (0.0ms)[0m   [0mselect user, uid, sid, sex, race, age from users where sid='d434740f4ff4a5e758d4f340d7a5f467'[0m
  [4;36;1mUser Columns (1.1ms)[0m   [0;1mSHOW FIELDS FROM `users`[0m
Completed in 94ms (View: 1, DB: 2) | 200 OK [http://192.168.0.24/]
  [4;35;1mSQL (0.1ms)[0m   [0mSET SQL_AUTO_IS_NULL=0[0m


Processing WhController#index (for 192.168.0.16 at 2012-03-08 08:25:08) [GET]
  [4;36;1mUser Load (0.3ms)[0m   [0;1mselect user, uid, sid, sex, race, age from users where sid='d434740f4ff4a5e758d4f340d7a5f467'[0m
  [4;35;1mCACHE (0.0ms)[0m   [0mselect user, uid, sid, sex, race, age from users where sid='d434740f4ff4a5e758d4f340d7a5f467'[0m
  [4;36;1mUser Columns (83.7ms)[0m   [0;1mSHOW FIELDS FROM `users`[0m
Completed in 118ms (View: 1, DB: 85) | 200 OK [http://192.168.0.24/]
  [4;35;1mSQL (0.1ms)[0m   [0mSET SQL_AUTO_IS_NULL=0[0m


Processing WhController#index (for 192.168.0.16 at 2012-03-08 08:25:09) [GET]
  [4;36;1mUser Load (0.2ms)[0m   [0;1mselect user, uid, sid, sex, race, age from users where sid='d434740f4ff4a5e758d4f340d7a5f467'[0m
  [4;35;1mCACHE (0.0ms)[0m   [0mselect user, uid, sid, sex, race, age from users where sid='d434740f4ff4a5e758d4f340d7a5f467'[0m
  [4;36;1mUser Columns (2.2ms)[0m   [0;1mSHOW FIELDS FROM `users`[0m
Completed in 10ms (View: 1, DB: 3) | 200 OK [http://192.168.0.24/]
  [4;35;1mSQL (0.1ms)[0m   [0mSET SQL_AUTO_IS_NULL=0[0m


Processing WhController#index (for 192.168.0.16 at 2012-03-08 08:28:53) [GET]
  [4;36;1mUser Load (0.4ms)[0m   [0;1mselect user, uid, sid, sex, race, age from users where sid='d434740f4ff4a5e758d4f340d7a5f467'[0m
  [4;35;1mCACHE (0.0ms)[0m   [0mselect user, uid, sid, sex, race, age from users where sid='d434740f4ff4a5e758d4f340d7a5f467'[0m
  [4;36;1mUser Columns (57.3ms)[0m   [0;1mSHOW FIELDS FROM `users`[0m
Completed in 68ms (View: 1, DB: 59) | 200 OK [http://192.168.0.24/]
  [4;35;1mSQL (0.1ms)[0m   [0mSET SQL_AUTO_IS_NULL=0[0m


Processing WhController#index (for 192.168.0.16 at 2012-03-08 08:28:53) [GET]
  [4;36;1mUser Load (0.2ms)[0m   [0;1mselect user, uid, sid, sex, race, age from users where sid='d434740f4ff4a5e758d4f340d7a5f467'[0m
  [4;35;1mCACHE (0.0ms)[0m   [0mselect user, uid, sid, sex, race, age from users where sid='d434740f4ff4a5e758d4f340d7a5f467'[0m
  [4;36;1mUser Columns (1.1ms)[0m   [0;1mSHOW FIELDS FROM `users`[0m
Completed in 9ms (View: 1, DB: 2) | 200 OK [http://192.168.0.24/]
  [4;35;1mSQL (0.1ms)[0m   [0mSET SQL_AUTO_IS_NULL=0[0m


Processing WhController#index (for 192.168.0.16 at 2012-03-08 08:30:31) [GET]
  [4;36;1mUser Load (0.5ms)[0m   [0;1mselect user, uid, sid, sex, race, age from users where sid='d434740f4ff4a5e758d4f340d7a5f467'[0m
  [4;35;1mCACHE (0.0ms)[0m   [0mselect user, uid, sid, sex, race, age from users where sid='d434740f4ff4a5e758d4f340d7a5f467'[0m
  [4;36;1mUser Columns (42.3ms)[0m   [0;1mSHOW FIELDS FROM `users`[0m
Completed in 53ms (View: 1, DB: 44) | 200 OK [http://192.168.0.24/]
  [4;35;1mSQL (0.1ms)[0m   [0mSET SQL_AUTO_IS_NULL=0[0m


Processing WhController#index (for 192.168.0.16 at 2012-03-08 08:30:31) [GET]
  [4;36;1mUser Load (0.3ms)[0m   [0;1mselect user, uid, sid, sex, race, age from users where sid='d434740f4ff4a5e758d4f340d7a5f467'[0m
  [4;35;1mCACHE (0.0ms)[0m   [0mselect user, uid, sid, sex, race, age from users where sid='d434740f4ff4a5e758d4f340d7a5f467'[0m
  [4;36;1mUser Columns (43.4ms)[0m   [0;1mSHOW FIELDS FROM `users`[0m
Completed in 63ms (View: 1, DB: 44) | 200 OK [http://192.168.0.24/]
  [4;35;1mSQL (0.1ms)[0m   [0mSET SQL_AUTO_IS_NULL=0[0m


Processing WhController#index (for 192.168.0.16 at 2012-03-08 08:37:46) [GET]
  [4;36;1mUser Load (0.3ms)[0m   [0;1mselect user, uid, sid, sex, race, age from users where sid='d434740f4ff4a5e758d4f340d7a5f467'[0m
  [4;35;1mCACHE (0.0ms)[0m   [0mselect user, uid, sid, sex, race, age from users where sid='d434740f4ff4a5e758d4f340d7a5f467'[0m
  [4;36;1mUser Columns (74.6ms)[0m   [0;1mSHOW FIELDS FROM `users`[0m
Completed in 88ms (View: 2, DB: 75) | 200 OK [http://192.168.0.24/]
  [4;35;1mSQL (0.1ms)[0m   [0mSET SQL_AUTO_IS_NULL=0[0m


Processing WhController#index (for 192.168.0.16 at 2012-03-08 08:37:46) [GET]
  [4;36;1mUser Load (0.3ms)[0m   [0;1mselect user, uid, sid, sex, race, age from users where sid='d434740f4ff4a5e758d4f340d7a5f467'[0m
  [4;35;1mCACHE (0.0ms)[0m   [0mselect user, uid, sid, sex, race, age from users where sid='d434740f4ff4a5e758d4f340d7a5f467'[0m
  [4;36;1mUser Columns (1.2ms)[0m   [0;1mSHOW FIELDS FROM `users`[0m
Completed in 10ms (View: 1, DB: 2) | 200 OK [http://192.168.0.24/]
  [4;35;1mSQL (0.1ms)[0m   [0mSET SQL_AUTO_IS_NULL=0[0m


Processing WhController#index (for 192.168.0.16 at 2012-03-08 08:38:53) [GET]
  [4;36;1mUser Load (0.2ms)[0m   [0;1mselect user, uid, sid, sex, race, age from users where sid='d434740f4ff4a5e758d4f340d7a5f467'[0m
  [4;35;1mCACHE (0.0ms)[0m   [0mselect user, uid, sid, sex, race, age from users where sid='d434740f4ff4a5e758d4f340d7a5f467'[0m
  [4;36;1mUser Columns (22.8ms)[0m   [0;1mSHOW FIELDS FROM `users`[0m
Completed in 31ms (View: 1, DB: 24) | 200 OK [http://192.168.0.24/]
  [4;35;1mSQL (0.6ms)[0m   [0mSET SQL_AUTO_IS_NULL=0[0m


Processing WhController#index (for 192.168.0.16 at 2012-03-08 08:38:53) [GET]
  [4;36;1mUser Load (0.3ms)[0m   [0;1mselect user, uid, sid, sex, race, age from users where sid='d434740f4ff4a5e758d4f340d7a5f467'[0m
  [4;35;1mCACHE (0.0ms)[0m   [0mselect user, uid, sid, sex, race, age from users where sid='d434740f4ff4a5e758d4f340d7a5f467'[0m
  [4;36;1mUser Columns (1.1ms)[0m   [0;1mSHOW FIELDS FROM `users`[0m
Completed in 10ms (View: 1, DB: 2) | 200 OK [http://192.168.0.24/]
  [4;35;1mSQL (0.1ms)[0m   [0mSET SQL_AUTO_IS_NULL=0[0m


Processing WhController#index (for 192.168.0.16 at 2012-03-08 08:45:41) [GET]
  [4;36;1mUser Load (0.3ms)[0m   [0;1mselect user, uid, sid, sex, race, age from users where sid='d434740f4ff4a5e758d4f340d7a5f467'[0m
  [4;35;1mCACHE (0.0ms)[0m   [0mselect user, uid, sid, sex, race, age from users where sid='d434740f4ff4a5e758d4f340d7a5f467'[0m
  [4;36;1mUser Columns (65.1ms)[0m   [0;1mSHOW FIELDS FROM `users`[0m
Completed in 74ms (View: 1, DB: 66) | 200 OK [http://192.168.0.24/]
  [4;35;1mSQL (0.1ms)[0m   [0mSET SQL_AUTO_IS_NULL=0[0m


Processing WhController#index (for 192.168.0.16 at 2012-03-08 08:45:41) [GET]
  [4;36;1mUser Load (0.3ms)[0m   [0;1mselect user, uid, sid, sex, race, age from users where sid='d434740f4ff4a5e758d4f340d7a5f467'[0m
  [4;35;1mCACHE (0.0ms)[0m   [0mselect user, uid, sid, sex, race, age from users where sid='d434740f4ff4a5e758d4f340d7a5f467'[0m
  [4;36;1mUser Columns (1.0ms)[0m   [0;1mSHOW FIELDS FROM `users`[0m
Completed in 11ms (View: 1, DB: 2) | 200 OK [http://192.168.0.24/]
  [4;35;1mSQL (0.1ms)[0m   [0mSET SQL_AUTO_IS_NULL=0[0m


Processing WhController#index (for 192.168.0.16 at 2012-03-08 08:45:46) [GET]
  [4;36;1mUser Load (0.3ms)[0m   [0;1mselect user, uid, sid, sex, race, age from users where sid='d434740f4ff4a5e758d4f340d7a5f467'[0m
  [4;35;1mCACHE (0.0ms)[0m   [0mselect user, uid, sid, sex, race, age from users where sid='d434740f4ff4a5e758d4f340d7a5f467'[0m
  [4;36;1mUser Columns (1.5ms)[0m   [0;1mSHOW FIELDS FROM `users`[0m
Completed in 14ms (View: 1, DB: 2) | 200 OK [http://192.168.0.24/]
  [4;35;1mSQL (0.1ms)[0m   [0mSET SQL_AUTO_IS_NULL=0[0m


Processing WhController#index (for 192.168.0.16 at 2012-03-08 08:45:46) [GET]
  [4;36;1mUser Load (0.3ms)[0m   [0;1mselect user, uid, sid, sex, race, age from users where sid='d434740f4ff4a5e758d4f340d7a5f467'[0m
  [4;35;1mCACHE (0.0ms)[0m   [0mselect user, uid, sid, sex, race, age from users where sid='d434740f4ff4a5e758d4f340d7a5f467'[0m
  [4;36;1mUser Columns (1.4ms)[0m   [0;1mSHOW FIELDS FROM `users`[0m
Completed in 11ms (View: 1, DB: 2) | 200 OK [http://192.168.0.24/]
